<?xml version="1.0" encoding="UTF-8"?>
<testng-results ignored="0" total="1" passed="1" failed="0" skipped="0">
  <reporter-output>
  </reporter-output>
  <suite started-at="2024-05-15T11:17:40 IST" name="Default suite" finished-at="2024-05-15T11:18:22 IST" duration-ms="41637">
    <groups>
    </groups>
    <test started-at="2024-05-15T11:17:40 IST" name="Default test" finished-at="2024-05-15T11:18:22 IST" duration-ms="41637">
      <class name="TestMethods.ReviewPageTest">
        <test-method is-config="true" signature="beforeTestMethod()[pri:0, instance:TestMethods.ReviewPageTest@1caa0244]" started-at="2024-05-15T11:17:40 IST" name="beforeTestMethod" finished-at="2024-05-15T11:17:47 IST" duration-ms="7425" status="PASS">
          <reporter-output>
          </reporter-output>
        </test-method> <!-- beforeTestMethod -->
        <test-method signature="testMethod()[pri:1, instance:TestMethods.ReviewPageTest@1caa0244]" started-at="2024-05-15T11:17:48 IST" name="testMethod" finished-at="2024-05-15T11:18:21 IST" duration-ms="33844" status="PASS">
          <reporter-output>
          </reporter-output>
        </test-method> <!-- testMethod -->
        <test-method is-config="true" signature="afterTestMethod()[pri:0, instance:TestMethods.ReviewPageTest@1caa0244]" started-at="2024-05-15T11:18:21 IST" name="afterTestMethod" finished-at="2024-05-15T11:18:22 IST" duration-ms="270" status="PASS">
          <reporter-output>
          </reporter-output>
        </test-method> <!-- afterTestMethod -->
      </class> <!-- TestMethods.ReviewPageTest -->
    </test> <!-- Default test -->
  </suite> <!-- Default suite -->
</testng-results>
